GET -- /favicon.ico -- Mozilla/5.0 (Windows NT 10.0; Win64; x64) AppleWebKit/537.36 (KHTML, like Gecko) Chrome/99.0.4844.51 Safari/537.36 Aoyou/ODExTC9oWHVlYTQvcUNeLraAAjbTIoa5XE8IVtV7OXxMskKoyhOBvneqcg== -- 1647569116890
GET -- /api/blog/list -- Mozilla/5.0 (Windows NT 10.0; Win64; x64) AppleWebKit/537.36 (KHTML, like Gecko) Chrome/99.0.4844.51 Safari/537.36 Aoyou/ODExTC9oWHVlYTQvcUNeLraAAjbTIoa5XE8IVtV7OXxMskKoyhOBvneqcg== -- 1647569122855
GET -- /favicon.ico -- Mozilla/5.0 (Windows NT 10.0; Win64; x64) AppleWebKit/537.36 (KHTML, like Gecko) Chrome/99.0.4844.51 Safari/537.36 Aoyou/ODExTC9oWHVlYTQvcUNeLraAAjbTIoa5XE8IVtV7OXxMskKoyhOBvneqcg== -- 1647569236914
GET -- /api/blog/list -- Mozilla/5.0 (Windows NT 10.0; Win64; x64) AppleWebKit/537.36 (KHTML, like Gecko) Chrome/99.0.4844.51 Safari/537.36 Aoyou/ODExTC9oWHVlYTQvcUNeLraAAjbTIoa5XE8IVtV7OXxMskKoyhOBvneqcg== -- 1647569242874
GET -- /api/blog/list -- Mozilla/5.0 (Windows NT 10.0; Win64; x64) AppleWebKit/537.36 (KHTML, like Gecko) Chrome/99.0.4844.51 Safari/537.36 Aoyou/OHRaQTVHb1dUL2wkTW9qUUrPOup2d_GShe5yJ1ZcDuPJx3cKDDtOvcgurA== -- 1647603445858
POST -- /api/user/login -- Mozilla/5.0 (Windows NT 10.0; Win64; x64) AppleWebKit/537.36 (KHTML, like Gecko) Chrome/99.0.4844.51 Safari/537.36 Aoyou/OHRaQTVHb1dUL2wkTW9qUUrPOup2d_GShe5yJ1ZcDuPJx3cKDDtOvcgurA== -- 1647603461157
POST -- /api/user/login -- Mozilla/5.0 (Windows NT 10.0; Win64; x64) AppleWebKit/537.36 (KHTML, like Gecko) Chrome/99.0.4844.51 Safari/537.36 Aoyou/OHRaQTVHb1dUL2wkTW9qUUrPOup2d_GShe5yJ1ZcDuPJx3cKDDtOvcgurA== -- 1647603491696
POST -- /api/user/login -- Mozilla/5.0 (Windows NT 10.0; Win64; x64) AppleWebKit/537.36 (KHTML, like Gecko) Chrome/99.0.4844.51 Safari/537.36 Aoyou/YTxiNEFmXTlbJyU4dmh8Vh7moJAA4AwNYNaq5iWqlk2Xn_r7oAURZDvt9w== -- 1647619018976
GET -- /api/blog/list?isadmin=1 -- Mozilla/5.0 (Windows NT 10.0; Win64; x64) AppleWebKit/537.36 (KHTML, like Gecko) Chrome/99.0.4844.51 Safari/537.36 Aoyou/YTxiNEFmXTlbJyU4dmh8Vh7moJAA4AwNYNaq5iWqlk2Xn_r7oAURZDvt9w== -- 1647619019456
POST -- /api/blog/new -- Mozilla/5.0 (Windows NT 10.0; Win64; x64) AppleWebKit/537.36 (KHTML, like Gecko) Chrome/99.0.4844.51 Safari/537.36 Aoyou/YTxiNEFmXTlbJyU4dmh8Vh7moJAA4AwNYNaq5iWqlk2Xn_r7oAURZDvt9w== -- 1647619023687
GET -- /api/blog/list?isadmin=1 -- Mozilla/5.0 (Windows NT 10.0; Win64; x64) AppleWebKit/537.36 (KHTML, like Gecko) Chrome/99.0.4844.51 Safari/537.36 Aoyou/YTxiNEFmXTlbJyU4dmh8Vh7moJAA4AwNYNaq5iWqlk2Xn_r7oAURZDvt9w== -- 1647619025322
GET -- /api/blog/list?isadmin=1 -- Mozilla/5.0 (Windows NT 10.0; Win64; x64) AppleWebKit/537.36 (KHTML, like Gecko) Chrome/99.0.4844.51 Safari/537.36 Aoyou/YTxiNEFmXTlbJyU4dmh8Vh7moJAA4AwNYNaq5iWqlk2Xn_r7oAURZDvt9w== -- 1647619034970
GET -- /api/blog/list?isadmin=1 -- Mozilla/5.0 (Windows NT 10.0; Win64; x64) AppleWebKit/537.36 (KHTML, like Gecko) Chrome/99.0.4844.51 Safari/537.36 Aoyou/YTxiNEFmXTlbJyU4dmh8Vh7moJAA4AwNYNaq5iWqlk2Xn_r7oAURZDvt9w== -- 1647619050320
POST -- /api/blog/new -- Mozilla/5.0 (Windows NT 10.0; Win64; x64) AppleWebKit/537.36 (KHTML, like Gecko) Chrome/99.0.4844.51 Safari/537.36 Aoyou/YTxiNEFmXTlbJyU4dmh8Vh7moJAA4AwNYNaq5iWqlk2Xn_r7oAURZDvt9w== -- 1647619061259
GET -- /api/blog/list?isadmin=1 -- Mozilla/5.0 (Windows NT 10.0; Win64; x64) AppleWebKit/537.36 (KHTML, like Gecko) Chrome/99.0.4844.51 Safari/537.36 Aoyou/YTxiNEFmXTlbJyU4dmh8Vh7moJAA4AwNYNaq5iWqlk2Xn_r7oAURZDvt9w== -- 1647619064335
POST -- /api/blog/del?id=16 -- Mozilla/5.0 (Windows NT 10.0; Win64; x64) AppleWebKit/537.36 (KHTML, like Gecko) Chrome/99.0.4844.51 Safari/537.36 Aoyou/Jj1wd1BqWHBgako5LnMgLi_4jT-BSo27XQ30NKBZ9n0CHPmzWRSbwPUUQg== -- 1647619405669
GET -- /api/blog/list?isadmin=1 -- Mozilla/5.0 (Windows NT 10.0; Win64; x64) AppleWebKit/537.36 (KHTML, like Gecko) Chrome/99.0.4844.51 Safari/537.36 Aoyou/Jj1wd1BqWHBgako5LnMgLi_4jT-BSo27XQ30NKBZ9n0CHPmzWRSbwPUUQg== -- 1647619405926
POST -- /api/blog/new -- Mozilla/5.0 (Windows NT 10.0; Win64; x64) AppleWebKit/537.36 (KHTML, like Gecko) Chrome/99.0.4844.51 Safari/537.36 Aoyou/Jj1wd1BqWHBgako5LnMgLi_4jT-BSo27XQ30NKBZ9n0CHPmzWRSbwPUUQg== -- 1647619430101
GET -- /api/blog/list?isadmin=1 -- Mozilla/5.0 (Windows NT 10.0; Win64; x64) AppleWebKit/537.36 (KHTML, like Gecko) Chrome/99.0.4844.51 Safari/537.36 Aoyou/Jj1wd1BqWHBgako5LnMgLi_4jT-BSo27XQ30NKBZ9n0CHPmzWRSbwPUUQg== -- 1647619431572
POST -- /api/blog/new -- Mozilla/5.0 (Windows NT 10.0; Win64; x64) AppleWebKit/537.36 (KHTML, like Gecko) Chrome/99.0.4844.51 Safari/537.36 Aoyou/Jj1wd1BqWHBgako5LnMgLi_4jT-BSo27XQ30NKBZ9n0CHPmzWRSbwPUUQg== -- 1647619758490
GET -- /api/blog/list?isadmin=1 -- Mozilla/5.0 (Windows NT 10.0; Win64; x64) AppleWebKit/537.36 (KHTML, like Gecko) Chrome/99.0.4844.51 Safari/537.36 Aoyou/Jj1wd1BqWHBgako5LnMgLi_4jT-BSo27XQ30NKBZ9n0CHPmzWRSbwPUUQg== -- 1647619760138
POST -- /api/blog/new -- Mozilla/5.0 (Windows NT 10.0; Win64; x64) AppleWebKit/537.36 (KHTML, like Gecko) Chrome/99.0.4844.51 Safari/537.36 Aoyou/Jj1wd1BqWHBgako5LnMgLi_4jT-BSo27XQ30NKBZ9n0CHPmzWRSbwPUUQg== -- 1647619804302
GET -- /api/blog/list?isadmin=1 -- Mozilla/5.0 (Windows NT 10.0; Win64; x64) AppleWebKit/537.36 (KHTML, like Gecko) Chrome/99.0.4844.51 Safari/537.36 Aoyou/Jj1wd1BqWHBgako5LnMgLi_4jT-BSo27XQ30NKBZ9n0CHPmzWRSbwPUUQg== -- 1647619814472
POST -- /api/blog/new -- Mozilla/5.0 (Windows NT 10.0; Win64; x64) AppleWebKit/537.36 (KHTML, like Gecko) Chrome/99.0.4844.51 Safari/537.36 Aoyou/Jj1wd1BqWHBgako5LnMgLi_4jT-BSo27XQ30NKBZ9n0CHPmzWRSbwPUUQg== -- 1647619898095
GET -- /api/blog/list?isadmin=1 -- Mozilla/5.0 (Windows NT 10.0; Win64; x64) AppleWebKit/537.36 (KHTML, like Gecko) Chrome/99.0.4844.51 Safari/537.36 Aoyou/Jj1wd1BqWHBgako5LnMgLi_4jT-BSo27XQ30NKBZ9n0CHPmzWRSbwPUUQg== -- 1647619901229
GET -- /api/blog/detail?id=20 -- Mozilla/5.0 (Windows NT 10.0; Win64; x64) AppleWebKit/537.36 (KHTML, like Gecko) Chrome/99.0.4844.51 Safari/537.36 Aoyou/Jj1wd1BqWHBgako5LnMgLi_4jT-BSo27XQ30NKBZ9n0CHPmzWRSbwPUUQg== -- 1647619973499
GET -- /api/blog/list?isadmin=1 -- Mozilla/5.0 (Windows NT 10.0; Win64; x64) AppleWebKit/537.36 (KHTML, like Gecko) Chrome/99.0.4844.51 Safari/537.36 Aoyou/Jj1wd1BqWHBgako5LnMgLi_4jT-BSo27XQ30NKBZ9n0CHPmzWRSbwPUUQg== -- 1647620710435
POST -- /api/blog/del?id=20 -- Mozilla/5.0 (Windows NT 10.0; Win64; x64) AppleWebKit/537.36 (KHTML, like Gecko) Chrome/99.0.4844.51 Safari/537.36 Aoyou/Jj1wd1BqWHBgako5LnMgLi_4jT-BSo27XQ30NKBZ9n0CHPmzWRSbwPUUQg== -- 1647620715534
GET -- /api/blog/list?isadmin=1 -- Mozilla/5.0 (Windows NT 10.0; Win64; x64) AppleWebKit/537.36 (KHTML, like Gecko) Chrome/99.0.4844.51 Safari/537.36 Aoyou/Jj1wd1BqWHBgako5LnMgLi_4jT-BSo27XQ30NKBZ9n0CHPmzWRSbwPUUQg== -- 1647620715779
POST -- /api/blog/new -- Mozilla/5.0 (Windows NT 10.0; Win64; x64) AppleWebKit/537.36 (KHTML, like Gecko) Chrome/99.0.4844.51 Safari/537.36 Aoyou/Jj1wd1BqWHBgako5LnMgLi_4jT-BSo27XQ30NKBZ9n0CHPmzWRSbwPUUQg== -- 1647620721599
GET -- /api/blog/list?isadmin=1 -- Mozilla/5.0 (Windows NT 10.0; Win64; x64) AppleWebKit/537.36 (KHTML, like Gecko) Chrome/99.0.4844.51 Safari/537.36 Aoyou/Jj1wd1BqWHBgako5LnMgLi_4jT-BSo27XQ30NKBZ9n0CHPmzWRSbwPUUQg== -- 1647620723195
GET -- /api/blog/detail?id=21 -- Mozilla/5.0 (Windows NT 10.0; Win64; x64) AppleWebKit/537.36 (KHTML, like Gecko) Chrome/99.0.4844.51 Safari/537.36 Aoyou/Jj1wd1BqWHBgako5LnMgLi_4jT-BSo27XQ30NKBZ9n0CHPmzWRSbwPUUQg== -- 1647620726221
POST -- /api/user/login -- Mozilla/5.0 (Windows NT 10.0; Win64; x64) AppleWebKit/537.36 (KHTML, like Gecko) Chrome/99.0.4844.74 Safari/537.36 Aoyou/PnsxdV18XHxJLXA2e2Q2Ysf_5mVnXx5TtJDlotdBNhcfIyJCvZWIfY3I6A== -- 1647661996592
POST -- /api/user/login -- Mozilla/5.0 (Windows NT 10.0; Win64; x64) AppleWebKit/537.36 (KHTML, like Gecko) Chrome/99.0.4844.74 Safari/537.36 Aoyou/PnsxdV18XHxJLXA2e2Q2Ysf_5mVnXx5TtJDlotdBNhcfIyJCvZWIfY3I6A== -- 1647662042326
POST -- /api/user/login -- Mozilla/5.0 (Windows NT 10.0; Win64; x64) AppleWebKit/537.36 (KHTML, like Gecko) Chrome/99.0.4844.74 Safari/537.36 Aoyou/PnsxdV18XHxJLXA2e2Q2Ysf_5mVnXx5TtJDlotdBNhcfIyJCvZWIfY3I6A== -- 1647662083653
POST -- /api/user/login -- Mozilla/5.0 (Windows NT 10.0; Win64; x64) AppleWebKit/537.36 (KHTML, like Gecko) Chrome/99.0.4844.74 Safari/537.36 Aoyou/PnsxdV18XHxJLXA2e2Q2Ysf_5mVnXx5TtJDlotdBNhcfIyJCvZWIfY3I6A== -- 1647662167482
GET -- /api/blog/list?isadmin=1 -- Mozilla/5.0 (Windows NT 10.0; Win64; x64) AppleWebKit/537.36 (KHTML, like Gecko) Chrome/99.0.4844.74 Safari/537.36 Aoyou/PnsxdV18XHxJLXA2e2Q2Ysf_5mVnXx5TtJDlotdBNhcfIyJCvZWIfY3I6A== -- 1647662169898
